# JRE version: OpenJDK Runtime Environment Temurin-21.0.11+10 (21.0.11+10) (build 21.0.11+10-LTS)
# Java VM: OpenJDK 64-Bit Server VM Temurin-21.0.11+10 (21.0.11+10-LTS, mixed mode, sharing, tiered, compressed oops, compressed class ptrs, parallel gc, windows-amd64)
GC Precious Log:
 CardTable entry size: 512
 CPUs: 8 total, 8 available
 Memory: 16236M
 Large Page Support: Disabled
 NUMA Support: Disabled
 Compressed Oops: Enabled (32-bit)
 Alignments: Space 512K, Generation 512K, Heap 2M
 Heap Min Capacity: 100M
 Heap Initial Capacity: 100M
 Heap Max Capacity: 2G
 Pre-touch: Disabled
 Parallel Workers: 8
Heap:
 PSYoungGen      total 22528K, used 21034K [0x00000000d5580000, 0x00000000dd800000, 0x0000000100000000)
  eden space 22016K, 94% used [0x00000000d5580000,0x00000000d69baa88,0x00000000d6b00000)
  from space 512K, 62% used [0x00000000dd780000,0x00000000dd7d0000,0x00000000dd800000)
  to   space 512K, 0% used [0x00000000dd700000,0x00000000dd700000,0x00000000dd780000)
 ParOldGen       total 235520K, used 69877K [0x0000000080000000, 0x000000008e600000, 0x00000000d5580000)
  object space 235520K, 29% used [0x0000000080000000,0x000000008443d758,0x000000008e600000)
 Metaspace       used 36557K, committed 37632K, reserved 1114112K
  class space    used 3777K, committed 4224K, reserved 1048576K
GC Heap History (20 events):
Event: 30.285 GC heap after
{Heap after GC invocations=231 (full 3):
 PSYoungGen      total 22528K, used 492K [0x00000000d5580000, 0x00000000dda00000, 0x0000000100000000)
  eden space 22016K, 0% used [0x00000000d5580000,0x00000000d5580000,0x00000000d6b00000)
  from space 512K, 96% used [0x00000000dd980000,0x00000000dd9fb3d0,0x00000000dda00000)
  to   space 512K, 0% used [0x00000000dd900000,0x00000000dd900000,0x00000000dd980000)
 ParOldGen       total 235520K, used 63614K [0x0000000080000000, 0x000000008e600000, 0x00000000d5580000)
  object space 235520K, 27% used [0x0000000080000000,0x0000000083e1f970,0x000000008e600000)
 Metaspace       used 36057K, committed 37120K, reserved 1114112K
  class space    used 3714K, committed 4160K, reserved 1048576K
}
Event: 30.288 GC heap before
{Heap before GC invocations=232 (full 3):
 PSYoungGen      total 22528K, used 22379K [0x00000000d5580000, 0x00000000dda00000, 0x0000000100000000)
  eden space 22016K, 99% used [0x00000000d5580000,0x00000000d6adfae0,0x00000000d6b00000)
  from space 512K, 96% used [0x00000000dd980000,0x00000000dd9fb3d0,0x00000000dda00000)
  to   space 512K, 0% used [0x00000000dd900000,0x00000000dd900000,0x00000000dd980000)
 ParOldGen       total 235520K, used 63614K [0x0000000080000000, 0x000000008e600000, 0x00000000d5580000)
  object space 235520K, 27% used [0x0000000080000000,0x0000000083e1f970,0x000000008e600000)
 Metaspace       used 36057K, committed 37120K, reserved 1114112K
  class space    used 3714K, committed 4160K, reserved 1048576K
}
Event: 30.288 GC heap after
{Heap after GC invocations=232 (full 3):
 PSYoungGen      total 22528K, used 493K [0x00000000d5580000, 0x00000000dda00000, 0x0000000100000000)
  eden space 22016K, 0% used [0x00000000d5580000,0x00000000d5580000,0x00000000d6b00000)
  from space 512K, 96% used [0x00000000dd900000,0x00000000dd97b7e0,0x00000000dd980000)
  to   space 512K, 0% used [0x00000000dd980000,0x00000000dd980000,0x00000000dda00000)
 ParOldGen       total 235520K, used 63654K [0x0000000080000000, 0x000000008e600000, 0x00000000d5580000)
  object space 235520K, 27% used [0x0000000080000000,0x0000000083e29970,0x000000008e600000)
 Metaspace       used 36057K, committed 37120K, reserved 1114112K
  class space    used 3714K, committed 4160K, reserved 1048576K
}
Event: 30.290 GC heap before
{Heap before GC invocations=233 (full 3):
 PSYoungGen      total 22528K, used 22444K [0x00000000d5580000, 0x00000000dda00000, 0x0000000100000000)
  eden space 22016K, 99% used [0x00000000d5580000,0x00000000d6aefb50,0x00000000d6b00000)
  from space 512K, 96% used [0x00000000dd900000,0x00000000dd97b7e0,0x00000000dd980000)
  to   space 512K, 0% used [0x00000000dd980000,0x00000000dd980000,0x00000000dda00000)
 ParOldGen       total 235520K, used 63654K [0x0000000080000000, 0x000000008e600000, 0x00000000d5580000)
  object space 235520K, 27% used [0x0000000080000000,0x0000000083e29970,0x000000008e600000)
 Metaspace       used 36057K, committed 37120K, reserved 1114112K
  class space    used 3714K, committed 4160K, reserved 1048576K
}
Event: 30.291 GC heap after
{Heap after GC invocations=233 (full 3):
 PSYoungGen      total 22528K, used 462K [0x00000000d5580000, 0x00000000dda00000, 0x0000000100000000)
  eden space 22016K, 0% used [0x00000000d5580000,0x00000000d5580000,0x00000000d6b00000)
  from space 512K, 90% used [0x00000000dd980000,0x00000000dd9f3bf0,0x00000000dda00000)
  to   space 512K, 0% used [0x00000000dd900000,0x00000000dd900000,0x00000000dd980000)
 ParOldGen       total 235520K, used 63702K [0x0000000080000000, 0x000000008e600000, 0x00000000d5580000)
  object space 235520K, 27% used [0x0000000080000000,0x0000000083e35970,0x000000008e600000)
 Metaspace       used 36057K, committed 37120K, reserved 1114112K
  class space    used 3714K, committed 4160K, reserved 1048576K
}
Event: 30.293 GC heap before
{Heap before GC invocations=234 (full 3):
 PSYoungGen      total 22528K, used 22477K [0x00000000d5580000, 0x00000000dda00000, 0x0000000100000000)
  eden space 22016K, 99% used [0x00000000d5580000,0x00000000d6affb50,0x00000000d6b00000)
  from space 512K, 90% used [0x00000000dd980000,0x00000000dd9f3bf0,0x00000000dda00000)
  to   space 512K, 0% used [0x00000000dd900000,0x00000000dd900000,0x00000000dd980000)
 ParOldGen       total 235520K, used 63702K [0x0000000080000000, 0x000000008e600000, 0x00000000d5580000)
  object space 235520K, 27% used [0x0000000080000000,0x0000000083e35970,0x000000008e600000)
 Metaspace       used 36057K, committed 37120K, reserved 1114112K
  class space    used 3714K, committed 4160K, reserved 1048576K
}
Event: 30.294 GC heap after
{Heap after GC invocations=234 (full 3):
 PSYoungGen      total 22528K, used 496K [0x00000000d5580000, 0x00000000dda00000, 0x0000000100000000)
  eden space 22016K, 0% used [0x00000000d5580000,0x00000000d5580000,0x00000000d6b00000)
  from space 512K, 96% used [0x00000000dd900000,0x00000000dd97c000,0x00000000dd980000)
  to   space 512K, 0% used [0x00000000dd980000,0x00000000dd980000,0x00000000dda00000)
 ParOldGen       total 235520K, used 63750K [0x0000000080000000, 0x000000008e600000, 0x00000000d5580000)
  object space 235520K, 27% used [0x0000000080000000,0x0000000083e41970,0x000000008e600000)
 Metaspace       used 36057K, committed 37120K, reserved 1114112K
  class space    used 3714K, committed 4160K, reserved 1048576K
}
Event: 30.317 GC heap before
{Heap before GC invocations=235 (full 3):
 PSYoungGen      total 22528K, used 22512K [0x00000000d5580000, 0x00000000dda00000, 0x0000000100000000)
  eden space 22016K, 100% used [0x00000000d5580000,0x00000000d6b00000,0x00000000d6b00000)
  from space 512K, 96% used [0x00000000dd900000,0x00000000dd97c000,0x00000000dd980000)
  to   space 512K, 0% used [0x00000000dd980000,0x00000000dd980000,0x00000000dda00000)
 ParOldGen       total 235520K, used 63750K [0x0000000080000000, 0x000000008e600000, 0x00000000d5580000)
  object space 235520K, 27% used [0x0000000080000000,0x0000000083e41970,0x000000008e600000)
 Metaspace       used 36057K, committed 37120K, reserved 1114112K
  class space    used 3714K, committed 4160K, reserved 1048576K
}
Event: 30.318 GC heap after
{Heap after GC invocations=235 (full 3):
 PSYoungGen      total 22528K, used 488K [0x00000000d5580000, 0x00000000dda00000, 0x0000000100000000)
  eden space 22016K, 0% used [0x00000000d5580000,0x00000000d5580000,0x00000000d6b00000)
  from space 512K, 95% used [0x00000000dd980000,0x00000000dd9fa018,0x00000000dda00000)
  to   space 2048K, 0% used [0x00000000dd600000,0x00000000dd600000,0x00000000dd800000)
 ParOldGen       total 235520K, used 64718K [0x0000000080000000, 0x000000008e600000, 0x00000000d5580000)
  object space 235520K, 27% used [0x0000000080000000,0x0000000083f33970,0x000000008e600000)
 Metaspace       used 36057K, committed 37120K, reserved 1114112K
  class space    used 3714K, committed 4160K, reserved 1048576K
}
Event: 30.339 GC heap before
{Heap before GC invocations=236 (full 3):
 PSYoungGen      total 22528K, used 22504K [0x00000000d5580000, 0x00000000dda00000, 0x0000000100000000)
  eden space 22016K, 100% used [0x00000000d5580000,0x00000000d6b00000,0x00000000d6b00000)
  from space 512K, 95% used [0x00000000dd980000,0x00000000dd9fa018,0x00000000dda00000)
  to   space 2048K, 0% used [0x00000000dd600000,0x00000000dd600000,0x00000000dd800000)
 ParOldGen       total 235520K, used 64718K [0x0000000080000000, 0x000000008e600000, 0x00000000d5580000)
  object space 235520K, 27% used [0x0000000080000000,0x0000000083f33970,0x000000008e600000)
 Metaspace       used 36057K, committed 37120K, reserved 1114112K
  class space    used 3714K, committed 4160K, reserved 1048576K
}
Event: 30.340 GC heap after
{Heap after GC invocations=236 (full 3):
 PSYoungGen      total 24064K, used 1312K [0x00000000d5580000, 0x00000000dda00000, 0x0000000100000000)
  eden space 22016K, 0% used [0x00000000d5580000,0x00000000d5580000,0x00000000d6b00000)
  from space 2048K, 64% used [0x00000000dd600000,0x00000000dd748000,0x00000000dd800000)
  to   space 1536K, 0% used [0x00000000dd880000,0x00000000dd880000,0x00000000dda00000)
 ParOldGen       total 235520K, used 65230K [0x0000000080000000, 0x000000008e600000, 0x00000000d5580000)
  object space 235520K, 27% used [0x0000000080000000,0x0000000083fb3988,0x000000008e600000)
 Metaspace       used 36057K, committed 37120K, reserved 1114112K
  class space    used 3714K, committed 4160K, reserved 1048576K
}
Event: 30.361 GC heap before
{Heap before GC invocations=237 (full 3):
 PSYoungGen      total 24064K, used 23328K [0x00000000d5580000, 0x00000000dda00000, 0x0000000100000000)
  eden space 22016K, 100% used [0x00000000d5580000,0x00000000d6b00000,0x00000000d6b00000)
  from space 2048K, 64% used [0x00000000dd600000,0x00000000dd748000,0x00000000dd800000)
  to   space 1536K, 0% used [0x00000000dd880000,0x00000000dd880000,0x00000000dda00000)
 ParOldGen       total 235520K, used 65230K [0x0000000080000000, 0x000000008e600000, 0x00000000d5580000)
  object space 235520K, 27% used [0x0000000080000000,0x0000000083fb3988,0x000000008e600000)
 Metaspace       used 36057K, committed 37120K, reserved 1114112K
  class space    used 3714K, committed 4160K, reserved 1048576K
}
Event: 30.362 GC heap after
{Heap after GC invocations=237 (full 3):
 PSYoungGen      total 23552K, used 1376K [0x00000000d5580000, 0x00000000dda00000, 0x0000000100000000)
  eden space 22016K, 0% used [0x00000000d5580000,0x00000000d5580000,0x00000000d6b00000)
  from space 1536K, 89% used [0x00000000dd880000,0x00000000dd9d8000,0x00000000dda00000)
  to   space 1536K, 0% used [0x00000000dd700000,0x00000000dd700000,0x00000000dd880000)
 ParOldGen       total 235520K, used 66478K [0x0000000080000000, 0x000000008e600000, 0x00000000d5580000)
  object space 235520K, 28% used [0x0000000080000000,0x00000000840eb988,0x000000008e600000)
 Metaspace       used 36057K, committed 37120K, reserved 1114112K
  class space    used 3714K, committed 4160K, reserved 1048576K
}
Event: 30.379 GC heap before
{Heap before GC invocations=238 (full 3):
 PSYoungGen      total 23552K, used 23392K [0x00000000d5580000, 0x00000000dda00000, 0x0000000100000000)
  eden space 22016K, 100% used [0x00000000d5580000,0x00000000d6b00000,0x00000000d6b00000)
  from space 1536K, 89% used [0x00000000dd880000,0x00000000dd9d8000,0x00000000dda00000)
  to   space 1536K, 0% used [0x00000000dd700000,0x00000000dd700000,0x00000000dd880000)
 ParOldGen       total 235520K, used 66478K [0x0000000080000000, 0x000000008e600000, 0x00000000d5580000)
  object space 235520K, 28% used [0x0000000080000000,0x00000000840eb988,0x000000008e600000)
 Metaspace       used 36057K, committed 37120K, reserved 1114112K
  class space    used 3714K, committed 4160K, reserved 1048576K
}
Event: 30.380 GC heap after
{Heap after GC invocations=238 (full 3):
 PSYoungGen      total 23040K, used 928K [0x00000000d5580000, 0x00000000dd900000, 0x0000000100000000)
  eden space 22016K, 0% used [0x00000000d5580000,0x00000000d5580000,0x00000000d6b00000)
  from space 1024K, 90% used [0x00000000dd700000,0x00000000dd7e8000,0x00000000dd800000)
  to   space 1024K, 0% used [0x00000000dd800000,0x00000000dd800000,0x00000000dd900000)
 ParOldGen       total 235520K, used 67734K [0x0000000080000000, 0x000000008e600000, 0x00000000d5580000)
  object space 235520K, 28% used [0x0000000080000000,0x0000000084225988,0x000000008e600000)
 Metaspace       used 36057K, committed 37120K, reserved 1114112K
  class space    used 3714K, committed 4160K, reserved 1048576K
}
Event: 30.389 GC heap before
{Heap before GC invocations=239 (full 3):
 PSYoungGen      total 23040K, used 22944K [0x00000000d5580000, 0x00000000dd900000, 0x0000000100000000)
  eden space 22016K, 100% used [0x00000000d5580000,0x00000000d6b00000,0x00000000d6b00000)
  from space 1024K, 90% used [0x00000000dd700000,0x00000000dd7e8000,0x00000000dd800000)
  to   space 1024K, 0% used [0x00000000dd800000,0x00000000dd800000,0x00000000dd900000)
 ParOldGen       total 235520K, used 67734K [0x0000000080000000, 0x000000008e600000, 0x00000000d5580000)
  object space 235520K, 28% used [0x0000000080000000,0x0000000084225988,0x000000008e600000)
 Metaspace       used 36057K, committed 37120K, reserved 1114112K
  class space    used 3714K, committed 4160K, reserved 1048576K
}
Event: 30.390 GC heap after
{Heap after GC invocations=239 (full 3):
 PSYoungGen      total 22528K, used 416K [0x00000000d5580000, 0x00000000dd880000, 0x0000000100000000)
  eden space 22016K, 0% used [0x00000000d5580000,0x00000000d5580000,0x00000000d6b00000)
  from space 512K, 81% used [0x00000000dd800000,0x00000000dd868000,0x00000000dd880000)
  to   space 1024K, 0% used [0x00000000dd680000,0x00000000dd680000,0x00000000dd780000)
 ParOldGen       total 235520K, used 68542K [0x0000000080000000, 0x000000008e600000, 0x00000000d5580000)
  object space 235520K, 29% used [0x0000000080000000,0x00000000842ef8d8,0x000000008e600000)
 Metaspace       used 36057K, committed 37120K, reserved 1114112K
  class space    used 3714K, committed 4160K, reserved 1048576K
}
Event: 30.399 GC heap before
{Heap before GC invocations=240 (full 3):
 PSYoungGen      total 22528K, used 22432K [0x00000000d5580000, 0x00000000dd880000, 0x0000000100000000)
  eden space 22016K, 100% used [0x00000000d5580000,0x00000000d6b00000,0x00000000d6b00000)
  from space 512K, 81% used [0x00000000dd800000,0x00000000dd868000,0x00000000dd880000)
  to   space 1024K, 0% used [0x00000000dd680000,0x00000000dd680000,0x00000000dd780000)
 ParOldGen       total 235520K, used 68542K [0x0000000080000000, 0x000000008e600000, 0x00000000d5580000)
  object space 235520K, 29% used [0x0000000080000000,0x00000000842ef8d8,0x000000008e600000)
 Metaspace       used 36057K, committed 37120K, reserved 1114112K
  class space    used 3714K, committed 4160K, reserved 1048576K
}
Event: 30.400 GC heap after
{Heap after GC invocations=240 (full 3):
 PSYoungGen      total 23040K, used 608K [0x00000000d5580000, 0x00000000dd880000, 0x0000000100000000)
  eden space 22016K, 0% used [0x00000000d5580000,0x00000000d5580000,0x00000000d6b00000)
  from space 1024K, 59% used [0x00000000dd680000,0x00000000dd718000,0x00000000dd780000)
  to   space 1024K, 0% used [0x00000000dd780000,0x00000000dd780000,0x00000000dd880000)
 ParOldGen       total 235520K, used 68894K [0x0000000080000000, 0x000000008e600000, 0x00000000d5580000)
  object space 235520K, 29% used [0x0000000080000000,0x00000000843478d8,0x000000008e600000)
 Metaspace       used 36057K, committed 37120K, reserved 1114112K
  class space    used 3714K, committed 4160K, reserved 1048576K
}
Event: 30.408 GC heap before
{Heap before GC invocations=241 (full 3):
 PSYoungGen      total 23040K, used 22624K [0x00000000d5580000, 0x00000000dd880000, 0x0000000100000000)
  eden space 22016K, 100% used [0x00000000d5580000,0x00000000d6b00000,0x00000000d6b00000)
  from space 1024K, 59% used [0x00000000dd680000,0x00000000dd718000,0x00000000dd780000)
  to   space 1024K, 0% used [0x00000000dd780000,0x00000000dd780000,0x00000000dd880000)
 ParOldGen       total 235520K, used 68894K [0x0000000080000000, 0x000000008e600000, 0x00000000d5580000)
  object space 235520K, 29% used [0x0000000080000000,0x00000000843478d8,0x000000008e600000)
 Metaspace       used 36057K, committed 37120K, reserved 1114112K
  class space    used 3714K, committed 4160K, reserved 1048576K
}

