# JRE version: OpenJDK Runtime Environment Temurin-21.0.11+10 (21.0.11+10) (build 21.0.11+10-LTS)
# Java VM: OpenJDK 64-Bit Server VM Temurin-21.0.11+10 (21.0.11+10-LTS, mixed mode, sharing, tiered, compressed oops, compressed class ptrs, parallel gc, windows-amd64)
GC Precious Log:
 CardTable entry size: 512
 CPUs: 8 total, 8 available
 Memory: 16236M
 Large Page Support: Disabled
 NUMA Support: Disabled
 Compressed Oops: Enabled (32-bit)
 Alignments: Space 512K, Generation 512K, Heap 2M
 Heap Min Capacity: 100M
 Heap Initial Capacity: 100M
 Heap Max Capacity: 2G
 Pre-touch: Disabled
 Parallel Workers: 8
Heap:
 PSYoungGen      total 16896K, used 687K [0x00000000d5580000, 0x00000000d6900000, 0x0000000100000000)
  eden space 16384K, 2% used [0x00000000d5580000,0x00000000d55ebd38,0x00000000d6580000)
  from space 512K, 50% used [0x00000000d6880000,0x00000000d68c0000,0x00000000d6900000)
  to   space 512K, 0% used [0x00000000d6800000,0x00000000d6800000,0x00000000d6880000)
 ParOldGen       total 166400K, used 166395K [0x0000000080000000, 0x000000008a280000, 0x00000000d5580000)
  object space 166400K, 99% used [0x0000000080000000,0x000000008a27ed50,0x000000008a280000)
 Metaspace       used 40709K, committed 41728K, reserved 1114112K
  class space    used 4032K, committed 4480K, reserved 1048576K
GC Heap History (20 events):
Event: 63.581 GC heap before
{Heap before GC invocations=864 (full 2):
 PSYoungGen      total 14336K, used 14080K [0x00000000d5580000, 0x00000000d6a00000, 0x0000000100000000)
  eden space 13312K, 100% used [0x00000000d5580000,0x00000000d6280000,0x00000000d6280000)
  from space 1024K, 75% used [0x00000000d6880000,0x00000000d6940000,0x00000000d6980000)
  to   space 512K, 0% used [0x00000000d6980000,0x00000000d6980000,0x00000000d6a00000)
 ParOldGen       total 163328K, used 163139K [0x0000000080000000, 0x0000000089f80000, 0x00000000d5580000)
  object space 163328K, 99% used [0x0000000080000000,0x0000000089f50d30,0x0000000089f80000)
 Metaspace       used 39961K, committed 40960K, reserved 1114112K
  class space    used 3993K, committed 4416K, reserved 1048576K
}
Event: 63.584 GC heap after
{Heap after GC invocations=864 (full 2):
 PSYoungGen      total 13824K, used 512K [0x00000000d5580000, 0x00000000d6a00000, 0x0000000100000000)
  eden space 13312K, 0% used [0x00000000d5580000,0x00000000d5580000,0x00000000d6280000)
  from space 512K, 100% used [0x00000000d6980000,0x00000000d6a00000,0x00000000d6a00000)
  to   space 1536K, 0% used [0x00000000d6700000,0x00000000d6700000,0x00000000d6880000)
 ParOldGen       total 164352K, used 163923K [0x0000000080000000, 0x000000008a080000, 0x00000000d5580000)
  object space 164352K, 99% used [0x0000000080000000,0x000000008a014d30,0x000000008a080000)
 Metaspace       used 39961K, committed 40960K, reserved 1114112K
  class space    used 3993K, committed 4416K, reserved 1048576K
}
Event: 63.593 GC heap before
{Heap before GC invocations=865 (full 2):
 PSYoungGen      total 13824K, used 13824K [0x00000000d5580000, 0x00000000d6a00000, 0x0000000100000000)
  eden space 13312K, 100% used [0x00000000d5580000,0x00000000d6280000,0x00000000d6280000)
  from space 512K, 100% used [0x00000000d6980000,0x00000000d6a00000,0x00000000d6a00000)
  to   space 1536K, 0% used [0x00000000d6700000,0x00000000d6700000,0x00000000d6880000)
 ParOldGen       total 164352K, used 163923K [0x0000000080000000, 0x000000008a080000, 0x00000000d5580000)
  object space 164352K, 99% used [0x0000000080000000,0x000000008a014d30,0x000000008a080000)
 Metaspace       used 39961K, committed 40960K, reserved 1114112K
  class space    used 3993K, committed 4416K, reserved 1048576K
}
Event: 63.596 GC heap after
{Heap after GC invocations=865 (full 2):
 PSYoungGen      total 14848K, used 640K [0x00000000d5580000, 0x00000000d6a00000, 0x0000000100000000)
  eden space 13312K, 0% used [0x00000000d5580000,0x00000000d5580000,0x00000000d6280000)
  from space 1536K, 41% used [0x00000000d6700000,0x00000000d67a0000,0x00000000d6880000)
  to   space 1024K, 0% used [0x00000000d6900000,0x00000000d6900000,0x00000000d6a00000)
 ParOldGen       total 164864K, used 164451K [0x0000000080000000, 0x000000008a100000, 0x00000000d5580000)
  object space 164864K, 99% used [0x0000000080000000,0x000000008a098d30,0x000000008a100000)
 Metaspace       used 39961K, committed 40960K, reserved 1114112K
  class space    used 3993K, committed 4416K, reserved 1048576K
}
Event: 63.604 GC heap before
{Heap before GC invocations=866 (full 2):
 PSYoungGen      total 14848K, used 13952K [0x00000000d5580000, 0x00000000d6a00000, 0x0000000100000000)
  eden space 13312K, 100% used [0x00000000d5580000,0x00000000d6280000,0x00000000d6280000)
  from space 1536K, 41% used [0x00000000d6700000,0x00000000d67a0000,0x00000000d6880000)
  to   space 1024K, 0% used [0x00000000d6900000,0x00000000d6900000,0x00000000d6a00000)
 ParOldGen       total 164864K, used 164451K [0x0000000080000000, 0x000000008a100000, 0x00000000d5580000)
  object space 164864K, 99% used [0x0000000080000000,0x000000008a098d30,0x000000008a100000)
 Metaspace       used 39961K, committed 40960K, reserved 1114112K
  class space    used 3993K, committed 4416K, reserved 1048576K
}
Event: 63.608 GC heap after
{Heap after GC invocations=866 (full 2):
 PSYoungGen      total 17408K, used 704K [0x00000000d5580000, 0x00000000d6a00000, 0x0000000100000000)
  eden space 16384K, 0% used [0x00000000d5580000,0x00000000d5580000,0x00000000d6580000)
  from space 1024K, 68% used [0x00000000d6900000,0x00000000d69b0000,0x00000000d6a00000)
  to   space 1024K, 0% used [0x00000000d6800000,0x00000000d6800000,0x00000000d6900000)
 ParOldGen       total 165376K, used 165019K [0x0000000080000000, 0x000000008a180000, 0x00000000d5580000)
  object space 165376K, 99% used [0x0000000080000000,0x000000008a126d30,0x000000008a180000)
 Metaspace       used 39961K, committed 40960K, reserved 1114112K
  class space    used 3993K, committed 4416K, reserved 1048576K
}
Event: 64.610 GC heap before
{Heap before GC invocations=867 (full 2):
 PSYoungGen      total 17408K, used 17088K [0x00000000d5580000, 0x00000000d6a00000, 0x0000000100000000)
  eden space 16384K, 100% used [0x00000000d5580000,0x00000000d6580000,0x00000000d6580000)
  from space 1024K, 68% used [0x00000000d6900000,0x00000000d69b0000,0x00000000d6a00000)
  to   space 1024K, 0% used [0x00000000d6800000,0x00000000d6800000,0x00000000d6900000)
 ParOldGen       total 165376K, used 165019K [0x0000000080000000, 0x000000008a180000, 0x00000000d5580000)
  object space 165376K, 99% used [0x0000000080000000,0x000000008a126d30,0x000000008a180000)
 Metaspace       used 40504K, committed 41472K, reserved 1114112K
  class space    used 4030K, committed 4480K, reserved 1048576K
}
Event: 64.612 GC heap after
{Heap after GC invocations=867 (full 2):
 PSYoungGen      total 16896K, used 448K [0x00000000d5580000, 0x00000000d6980000, 0x0000000100000000)
  eden space 16384K, 0% used [0x00000000d5580000,0x00000000d5580000,0x00000000d6580000)
  from space 512K, 87% used [0x00000000d6800000,0x00000000d6870000,0x00000000d6880000)
  to   space 1024K, 0% used [0x00000000d6880000,0x00000000d6880000,0x00000000d6980000)
 ParOldGen       total 165888K, used 165587K [0x0000000080000000, 0x000000008a200000, 0x00000000d5580000)
  object space 165888K, 99% used [0x0000000080000000,0x000000008a1b4d30,0x000000008a200000)
 Metaspace       used 40504K, committed 41472K, reserved 1114112K
  class space    used 4030K, committed 4480K, reserved 1048576K
}
Event: 65.306 GC heap before
{Heap before GC invocations=868 (full 2):
 PSYoungGen      total 16896K, used 16832K [0x00000000d5580000, 0x00000000d6980000, 0x0000000100000000)
  eden space 16384K, 100% used [0x00000000d5580000,0x00000000d6580000,0x00000000d6580000)
  from space 512K, 87% used [0x00000000d6800000,0x00000000d6870000,0x00000000d6880000)
  to   space 1024K, 0% used [0x00000000d6880000,0x00000000d6880000,0x00000000d6980000)
 ParOldGen       total 165888K, used 165587K [0x0000000080000000, 0x000000008a200000, 0x00000000d5580000)
  object space 165888K, 99% used [0x0000000080000000,0x000000008a1b4d30,0x000000008a200000)
 Metaspace       used 40601K, committed 41664K, reserved 1114112K
  class space    used 4030K, committed 4480K, reserved 1048576K
}
Event: 65.306 GC heap after
{Heap after GC invocations=868 (full 2):
 PSYoungGen      total 16896K, used 256K [0x00000000d5580000, 0x00000000d6900000, 0x0000000100000000)
  eden space 16384K, 0% used [0x00000000d5580000,0x00000000d5580000,0x00000000d6580000)
  from space 512K, 50% used [0x00000000d6880000,0x00000000d68c0000,0x00000000d6900000)
  to   space 512K, 0% used [0x00000000d6800000,0x00000000d6800000,0x00000000d6880000)
 ParOldGen       total 166400K, used 165947K [0x0000000080000000, 0x000000008a280000, 0x00000000d5580000)
  object space 166400K, 99% used [0x0000000080000000,0x000000008a20ed50,0x000000008a280000)
 Metaspace       used 40601K, committed 41664K, reserved 1114112K
  class space    used 4030K, committed 4480K, reserved 1048576K
}
Event: 65.972 GC heap before
{Heap before GC invocations=869 (full 2):
 PSYoungGen      total 16896K, used 16640K [0x00000000d5580000, 0x00000000d6900000, 0x0000000100000000)
  eden space 16384K, 100% used [0x00000000d5580000,0x00000000d6580000,0x00000000d6580000)
  from space 512K, 50% used [0x00000000d6880000,0x00000000d68c0000,0x00000000d6900000)
  to   space 512K, 0% used [0x00000000d6800000,0x00000000d6800000,0x00000000d6880000)
 ParOldGen       total 166400K, used 165947K [0x0000000080000000, 0x000000008a280000, 0x00000000d5580000)
  object space 166400K, 99% used [0x0000000080000000,0x000000008a20ed50,0x000000008a280000)
 Metaspace       used 40662K, committed 41728K, reserved 1114112K
  class space    used 4032K, committed 4480K, reserved 1048576K
}
Event: 65.973 GC heap after
{Heap after GC invocations=869 (full 2):
 PSYoungGen      total 16896K, used 256K [0x00000000d5580000, 0x00000000d6900000, 0x0000000100000000)
  eden space 16384K, 0% used [0x00000000d5580000,0x00000000d5580000,0x00000000d6580000)
  from space 512K, 50% used [0x00000000d6800000,0x00000000d6840000,0x00000000d6880000)
  to   space 512K, 0% used [0x00000000d6880000,0x00000000d6880000,0x00000000d6900000)
 ParOldGen       total 166400K, used 166035K [0x0000000080000000, 0x000000008a280000, 0x00000000d5580000)
  object space 166400K, 99% used [0x0000000080000000,0x000000008a224d50,0x000000008a280000)
 Metaspace       used 40662K, committed 41728K, reserved 1114112K
  class space    used 4032K, committed 4480K, reserved 1048576K
}
Event: 66.996 GC heap before
{Heap before GC invocations=870 (full 2):
 PSYoungGen      total 16896K, used 16640K [0x00000000d5580000, 0x00000000d6900000, 0x0000000100000000)
  eden space 16384K, 100% used [0x00000000d5580000,0x00000000d6580000,0x00000000d6580000)
  from space 512K, 50% used [0x00000000d6800000,0x00000000d6840000,0x00000000d6880000)
  to   space 512K, 0% used [0x00000000d6880000,0x00000000d6880000,0x00000000d6900000)
 ParOldGen       total 166400K, used 166035K [0x0000000080000000, 0x000000008a280000, 0x00000000d5580000)
  object space 166400K, 99% used [0x0000000080000000,0x000000008a224d50,0x000000008a280000)
 Metaspace       used 40674K, committed 41728K, reserved 1114112K
  class space    used 4032K, committed 4480K, reserved 1048576K
}
Event: 66.997 GC heap after
{Heap after GC invocations=870 (full 2):
 PSYoungGen      total 16896K, used 288K [0x00000000d5580000, 0x00000000d6900000, 0x0000000100000000)
  eden space 16384K, 0% used [0x00000000d5580000,0x00000000d5580000,0x00000000d6580000)
  from space 512K, 56% used [0x00000000d6880000,0x00000000d68c8000,0x00000000d6900000)
  to   space 512K, 0% used [0x00000000d6800000,0x00000000d6800000,0x00000000d6880000)
 ParOldGen       total 166400K, used 166091K [0x0000000080000000, 0x000000008a280000, 0x00000000d5580000)
  object space 166400K, 99% used [0x0000000080000000,0x000000008a232d50,0x000000008a280000)
 Metaspace       used 40674K, committed 41728K, reserved 1114112K
  class space    used 4032K, committed 4480K, reserved 1048576K
}
Event: 67.866 GC heap before
{Heap before GC invocations=871 (full 2):
 PSYoungGen      total 16896K, used 16672K [0x00000000d5580000, 0x00000000d6900000, 0x0000000100000000)
  eden space 16384K, 100% used [0x00000000d5580000,0x00000000d6580000,0x00000000d6580000)
  from space 512K, 56% used [0x00000000d6880000,0x00000000d68c8000,0x00000000d6900000)
  to   space 512K, 0% used [0x00000000d6800000,0x00000000d6800000,0x00000000d6880000)
 ParOldGen       total 166400K, used 166091K [0x0000000080000000, 0x000000008a280000, 0x00000000d5580000)
  object space 166400K, 99% used [0x0000000080000000,0x000000008a232d50,0x000000008a280000)
 Metaspace       used 40685K, committed 41728K, reserved 1114112K
  class space    used 4032K, committed 4480K, reserved 1048576K
}
Event: 67.867 GC heap after
{Heap after GC invocations=871 (full 2):
 PSYoungGen      total 16896K, used 224K [0x00000000d5580000, 0x00000000d6900000, 0x0000000100000000)
  eden space 16384K, 0% used [0x00000000d5580000,0x00000000d5580000,0x00000000d6580000)
  from space 512K, 43% used [0x00000000d6800000,0x00000000d6838000,0x00000000d6880000)
  to   space 512K, 0% used [0x00000000d6880000,0x00000000d6880000,0x00000000d6900000)
 ParOldGen       total 166400K, used 166179K [0x0000000080000000, 0x000000008a280000, 0x00000000d5580000)
  object space 166400K, 99% used [0x0000000080000000,0x000000008a248d50,0x000000008a280000)
 Metaspace       used 40685K, committed 41728K, reserved 1114112K
  class space    used 4032K, committed 4480K, reserved 1048576K
}
Event: 68.474 GC heap before
{Heap before GC invocations=872 (full 2):
 PSYoungGen      total 16896K, used 16608K [0x00000000d5580000, 0x00000000d6900000, 0x0000000100000000)
  eden space 16384K, 100% used [0x00000000d5580000,0x00000000d6580000,0x00000000d6580000)
  from space 512K, 43% used [0x00000000d6800000,0x00000000d6838000,0x00000000d6880000)
  to   space 512K, 0% used [0x00000000d6880000,0x00000000d6880000,0x00000000d6900000)
 ParOldGen       total 166400K, used 166179K [0x0000000080000000, 0x000000008a280000, 0x00000000d5580000)
  object space 166400K, 99% used [0x0000000080000000,0x000000008a248d50,0x000000008a280000)
 Metaspace       used 40685K, committed 41728K, reserved 1114112K
  class space    used 4032K, committed 4480K, reserved 1048576K
}
Event: 68.474 GC heap after
{Heap after GC invocations=872 (full 2):
 PSYoungGen      total 16896K, used 256K [0x00000000d5580000, 0x00000000d6900000, 0x0000000100000000)
  eden space 16384K, 0% used [0x00000000d5580000,0x00000000d5580000,0x00000000d6580000)
  from space 512K, 50% used [0x00000000d6880000,0x00000000d68c0000,0x00000000d6900000)
  to   space 512K, 0% used [0x00000000d6800000,0x00000000d6800000,0x00000000d6880000)
 ParOldGen       total 166400K, used 166259K [0x0000000080000000, 0x000000008a280000, 0x00000000d5580000)
  object space 166400K, 99% used [0x0000000080000000,0x000000008a25cd50,0x000000008a280000)
 Metaspace       used 40685K, committed 41728K, reserved 1114112K
  class space    used 4032K, committed 4480K, reserved 1048576K
}
Event: 69.095 GC heap before
{Heap before GC invocations=873 (full 2):
 PSYoungGen      total 16896K, used 16639K [0x00000000d5580000, 0x00000000d6900000, 0x0000000100000000)
  eden space 16384K, 99% used [0x00000000d5580000,0x00000000d657ffe0,0x00000000d6580000)
  from space 512K, 50% used [0x00000000d6880000,0x00000000d68c0000,0x00000000d6900000)
  to   space 512K, 0% used [0x00000000d6800000,0x00000000d6800000,0x00000000d6880000)
 ParOldGen       total 166400K, used 166259K [0x0000000080000000, 0x000000008a280000, 0x00000000d5580000)
  object space 166400K, 99% used [0x0000000080000000,0x000000008a25cd50,0x000000008a280000)
 Metaspace       used 40685K, committed 41728K, reserved 1114112K
  class space    used 4032K, committed 4480K, reserved 1048576K
}
Event: 69.096 GC heap after
{Heap after GC invocations=873 (full 2):
 PSYoungGen      total 16896K, used 160K [0x00000000d5580000, 0x00000000d6900000, 0x0000000100000000)
  eden space 16384K, 0% used [0x00000000d5580000,0x00000000d5580000,0x00000000d6580000)
  from space 512K, 31% used [0x00000000d6800000,0x00000000d6828000,0x00000000d6880000)
  to   space 512K, 0% used [0x00000000d6880000,0x00000000d6880000,0x00000000d6900000)
 ParOldGen       total 166400K, used 166323K [0x0000000080000000, 0x000000008a280000, 0x00000000d5580000)
  object space 166400K, 99% used [0x0000000080000000,0x000000008a26cd50,0x000000008a280000)
 Metaspace       used 40685K, committed 41728K, reserved 1114112K
  class space    used 4032K, committed 4480K, reserved 1048576K
}

