# JRE version: OpenJDK Runtime Environment Temurin-21.0.11+10 (21.0.11+10) (build 21.0.11+10-LTS)
# Java VM: OpenJDK 64-Bit Server VM Temurin-21.0.11+10 (21.0.11+10-LTS, mixed mode, sharing, tiered, compressed oops, compressed class ptrs, parallel gc, windows-amd64)
GC Precious Log:
 CardTable entry size: 512
 CPUs: 8 total, 8 available
 Memory: 16236M
 Large Page Support: Disabled
 NUMA Support: Disabled
 Compressed Oops: Enabled (32-bit)
 Alignments: Space 512K, Generation 512K, Heap 2M
 Heap Min Capacity: 100M
 Heap Initial Capacity: 100M
 Heap Max Capacity: 2G
 Pre-touch: Disabled
 Parallel Workers: 8
Heap:
 PSYoungGen      total 3072K, used 1014K [0x00000000d5580000, 0x00000000d5980000, 0x0000000100000000)
  eden space 2048K, 0% used [0x00000000d5580000,0x00000000d5580000,0x00000000d5780000)
  from space 1024K, 99% used [0x00000000d5880000,0x00000000d597d9e8,0x00000000d5980000)
  to   space 512K, 0% used [0x00000000d5800000,0x00000000d5800000,0x00000000d5880000)
 ParOldGen       total 262144K, used 136842K [0x0000000080000000, 0x0000000090000000, 0x00000000d5580000)
  object space 262144K, 52% used [0x0000000080000000,0x00000000885a2be8,0x0000000090000000)
 Metaspace       used 61594K, committed 62848K, reserved 1114112K
  class space    used 6704K, committed 7232K, reserved 1048576K
GC Heap History (20 events):
Event: 57.930 GC heap after
{Heap after GC invocations=1165 (full 3):
 PSYoungGen      total 4608K, used 1468K [0x00000000d5580000, 0x00000000d5b80000, 0x0000000100000000)
  eden space 3072K, 0% used [0x00000000d5580000,0x00000000d5580000,0x00000000d5880000)
  from space 1536K, 95% used [0x00000000d5a00000,0x00000000d5b6f1f0,0x00000000d5b80000)
  to   space 1536K, 0% used [0x00000000d5880000,0x00000000d5880000,0x00000000d5a00000)
 ParOldGen       total 262144K, used 131521K [0x0000000080000000, 0x0000000090000000, 0x00000000d5580000)
  object space 262144K, 50% used [0x0000000080000000,0x0000000088070430,0x0000000090000000)
 Metaspace       used 61584K, committed 62848K, reserved 1114112K
  class space    used 6704K, committed 7232K, reserved 1048576K
}
Event: 57.941 GC heap before
{Heap before GC invocations=1166 (full 3):
 PSYoungGen      total 4608K, used 4516K [0x00000000d5580000, 0x00000000d5b80000, 0x0000000100000000)
  eden space 3072K, 99% used [0x00000000d5580000,0x00000000d587a198,0x00000000d5880000)
  from space 1536K, 95% used [0x00000000d5a00000,0x00000000d5b6f1f0,0x00000000d5b80000)
  to   space 1536K, 0% used [0x00000000d5880000,0x00000000d5880000,0x00000000d5a00000)
 ParOldGen       total 262144K, used 131521K [0x0000000080000000, 0x0000000090000000, 0x00000000d5580000)
  object space 262144K, 50% used [0x0000000080000000,0x0000000088070430,0x0000000090000000)
 Metaspace       used 61589K, committed 62848K, reserved 1114112K
  class space    used 6704K, committed 7232K, reserved 1048576K
}
Event: 57.942 GC heap after
{Heap after GC invocations=1166 (full 3):
 PSYoungGen      total 4096K, used 760K [0x00000000d5580000, 0x00000000d5a80000, 0x0000000100000000)
  eden space 3072K, 0% used [0x00000000d5580000,0x00000000d5580000,0x00000000d5880000)
  from space 1024K, 74% used [0x00000000d5880000,0x00000000d593e340,0x00000000d5980000)
  to   space 1024K, 0% used [0x00000000d5980000,0x00000000d5980000,0x00000000d5a80000)
 ParOldGen       total 262144K, used 132847K [0x0000000080000000, 0x0000000090000000, 0x00000000d5580000)
  object space 262144K, 50% used [0x0000000080000000,0x00000000881bbf08,0x0000000090000000)
 Metaspace       used 61589K, committed 62848K, reserved 1114112K
  class space    used 6704K, committed 7232K, reserved 1048576K
}
Event: 57.947 GC heap before
{Heap before GC invocations=1167 (full 3):
 PSYoungGen      total 4096K, used 3832K [0x00000000d5580000, 0x00000000d5a80000, 0x0000000100000000)
  eden space 3072K, 100% used [0x00000000d5580000,0x00000000d5880000,0x00000000d5880000)
  from space 1024K, 74% used [0x00000000d5880000,0x00000000d593e340,0x00000000d5980000)
  to   space 1024K, 0% used [0x00000000d5980000,0x00000000d5980000,0x00000000d5a80000)
 ParOldGen       total 262144K, used 132847K [0x0000000080000000, 0x0000000090000000, 0x00000000d5580000)
  object space 262144K, 50% used [0x0000000080000000,0x00000000881bbf08,0x0000000090000000)
 Metaspace       used 61589K, committed 62848K, reserved 1114112K
  class space    used 6704K, committed 7232K, reserved 1048576K
}
Event: 57.948 GC heap after
{Heap after GC invocations=1167 (full 3):
 PSYoungGen      total 2560K, used 1000K [0x00000000d5580000, 0x00000000d5d80000, 0x0000000100000000)
  eden space 1536K, 0% used [0x00000000d5580000,0x00000000d5580000,0x00000000d5700000)
  from space 1024K, 97% used [0x00000000d5980000,0x00000000d5a7a010,0x00000000d5a80000)
  to   space 2560K, 0% used [0x00000000d5700000,0x00000000d5700000,0x00000000d5980000)
 ParOldGen       total 262144K, used 133819K [0x0000000080000000, 0x0000000090000000, 0x00000000d5580000)
  object space 262144K, 51% used [0x0000000080000000,0x00000000882aee68,0x0000000090000000)
 Metaspace       used 61589K, committed 62848K, reserved 1114112K
  class space    used 6704K, committed 7232K, reserved 1048576K
}
Event: 57.952 GC heap before
{Heap before GC invocations=1168 (full 3):
 PSYoungGen      total 2560K, used 2536K [0x00000000d5580000, 0x00000000d5d80000, 0x0000000100000000)
  eden space 1536K, 100% used [0x00000000d5580000,0x00000000d5700000,0x00000000d5700000)
  from space 1024K, 97% used [0x00000000d5980000,0x00000000d5a7a010,0x00000000d5a80000)
  to   space 2560K, 0% used [0x00000000d5700000,0x00000000d5700000,0x00000000d5980000)
 ParOldGen       total 262144K, used 133819K [0x0000000080000000, 0x0000000090000000, 0x00000000d5580000)
  object space 262144K, 51% used [0x0000000080000000,0x00000000882aee68,0x0000000090000000)
 Metaspace       used 61589K, committed 62848K, reserved 1114112K
  class space    used 6704K, committed 7232K, reserved 1048576K
}
Event: 57.953 GC heap after
{Heap after GC invocations=1168 (full 3):
 PSYoungGen      total 2560K, used 936K [0x00000000d5580000, 0x00000000d5a00000, 0x0000000100000000)
  eden space 1536K, 0% used [0x00000000d5580000,0x00000000d5580000,0x00000000d5700000)
  from space 1024K, 91% used [0x00000000d5700000,0x00000000d57ea3f0,0x00000000d5800000)
  to   space 1536K, 0% used [0x00000000d5880000,0x00000000d5880000,0x00000000d5a00000)
 ParOldGen       total 262144K, used 134343K [0x0000000080000000, 0x0000000090000000, 0x00000000d5580000)
  object space 262144K, 51% used [0x0000000080000000,0x0000000088331d00,0x0000000090000000)
 Metaspace       used 61589K, committed 62848K, reserved 1114112K
  class space    used 6704K, committed 7232K, reserved 1048576K
}
Event: 57.957 GC heap before
{Heap before GC invocations=1169 (full 3):
 PSYoungGen      total 2560K, used 2467K [0x00000000d5580000, 0x00000000d5a00000, 0x0000000100000000)
  eden space 1536K, 99% used [0x00000000d5580000,0x00000000d56fea48,0x00000000d5700000)
  from space 1024K, 91% used [0x00000000d5700000,0x00000000d57ea3f0,0x00000000d5800000)
  to   space 1536K, 0% used [0x00000000d5880000,0x00000000d5880000,0x00000000d5a00000)
 ParOldGen       total 262144K, used 134343K [0x0000000080000000, 0x0000000090000000, 0x00000000d5580000)
  object space 262144K, 51% used [0x0000000080000000,0x0000000088331d00,0x0000000090000000)
 Metaspace       used 61589K, committed 62848K, reserved 1114112K
  class space    used 6704K, committed 7232K, reserved 1048576K
}
Event: 57.959 GC heap after
{Heap after GC invocations=1169 (full 3):
 PSYoungGen      total 3072K, used 554K [0x00000000d5580000, 0x00000000d5980000, 0x0000000100000000)
  eden space 2048K, 0% used [0x00000000d5580000,0x00000000d5580000,0x00000000d5780000)
  from space 1024K, 54% used [0x00000000d5880000,0x00000000d590abc0,0x00000000d5980000)
  to   space 1024K, 0% used [0x00000000d5780000,0x00000000d5780000,0x00000000d5880000)
 ParOldGen       total 262144K, used 135084K [0x0000000080000000, 0x0000000090000000, 0x00000000d5580000)
  object space 262144K, 51% used [0x0000000080000000,0x00000000883eb298,0x0000000090000000)
 Metaspace       used 61589K, committed 62848K, reserved 1114112K
  class space    used 6704K, committed 7232K, reserved 1048576K
}
Event: 57.965 GC heap before
{Heap before GC invocations=1170 (full 3):
 PSYoungGen      total 3072K, used 2602K [0x00000000d5580000, 0x00000000d5980000, 0x0000000100000000)
  eden space 2048K, 100% used [0x00000000d5580000,0x00000000d5780000,0x00000000d5780000)
  from space 1024K, 54% used [0x00000000d5880000,0x00000000d590abc0,0x00000000d5980000)
  to   space 1024K, 0% used [0x00000000d5780000,0x00000000d5780000,0x00000000d5880000)
 ParOldGen       total 262144K, used 135084K [0x0000000080000000, 0x0000000090000000, 0x00000000d5580000)
  object space 262144K, 51% used [0x0000000080000000,0x00000000883eb298,0x0000000090000000)
 Metaspace       used 61592K, committed 62848K, reserved 1114112K
  class space    used 6704K, committed 7232K, reserved 1048576K
}
Event: 57.966 GC heap after
{Heap after GC invocations=1170 (full 3):
 PSYoungGen      total 3072K, used 416K [0x00000000d5580000, 0x00000000d5900000, 0x0000000100000000)
  eden space 2048K, 0% used [0x00000000d5580000,0x00000000d5580000,0x00000000d5780000)
  from space 1024K, 40% used [0x00000000d5780000,0x00000000d57e8000,0x00000000d5880000)
  to   space 512K, 0% used [0x00000000d5880000,0x00000000d5880000,0x00000000d5900000)
 ParOldGen       total 262144K, used 135534K [0x0000000080000000, 0x0000000090000000, 0x00000000d5580000)
  object space 262144K, 51% used [0x0000000080000000,0x000000008845ba18,0x0000000090000000)
 Metaspace       used 61592K, committed 62848K, reserved 1114112K
  class space    used 6704K, committed 7232K, reserved 1048576K
}
Event: 57.975 GC heap before
{Heap before GC invocations=1171 (full 3):
 PSYoungGen      total 3072K, used 2463K [0x00000000d5580000, 0x00000000d5900000, 0x0000000100000000)
  eden space 2048K, 99% used [0x00000000d5580000,0x00000000d577fff0,0x00000000d5780000)
  from space 1024K, 40% used [0x00000000d5780000,0x00000000d57e8000,0x00000000d5880000)
  to   space 512K, 0% used [0x00000000d5880000,0x00000000d5880000,0x00000000d5900000)
 ParOldGen       total 262144K, used 135534K [0x0000000080000000, 0x0000000090000000, 0x00000000d5580000)
  object space 262144K, 51% used [0x0000000080000000,0x000000008845ba18,0x0000000090000000)
 Metaspace       used 61593K, committed 62848K, reserved 1114112K
  class space    used 6704K, committed 7232K, reserved 1048576K
}
Event: 57.976 GC heap after
{Heap after GC invocations=1171 (full 3):
 PSYoungGen      total 2048K, used 495K [0x00000000d5580000, 0x00000000d5a80000, 0x0000000100000000)
  eden space 1536K, 0% used [0x00000000d5580000,0x00000000d5580000,0x00000000d5700000)
  from space 512K, 96% used [0x00000000d5880000,0x00000000d58fbf88,0x00000000d5900000)
  to   space 1536K, 0% used [0x00000000d5700000,0x00000000d5700000,0x00000000d5880000)
 ParOldGen       total 262144K, used 136163K [0x0000000080000000, 0x0000000090000000, 0x00000000d5580000)
  object space 262144K, 51% used [0x0000000080000000,0x00000000884f8c58,0x0000000090000000)
 Metaspace       used 61593K, committed 62848K, reserved 1114112K
  class space    used 6704K, committed 7232K, reserved 1048576K
}
Event: 57.979 GC heap before
{Heap before GC invocations=1172 (full 3):
 PSYoungGen      total 2048K, used 2031K [0x00000000d5580000, 0x00000000d5a80000, 0x0000000100000000)
  eden space 1536K, 100% used [0x00000000d5580000,0x00000000d5700000,0x00000000d5700000)
  from space 512K, 96% used [0x00000000d5880000,0x00000000d58fbf88,0x00000000d5900000)
  to   space 1536K, 0% used [0x00000000d5700000,0x00000000d5700000,0x00000000d5880000)
 ParOldGen       total 262144K, used 136163K [0x0000000080000000, 0x0000000090000000, 0x00000000d5580000)
  object space 262144K, 51% used [0x0000000080000000,0x00000000884f8c58,0x0000000090000000)
 Metaspace       used 61593K, committed 62848K, reserved 1114112K
  class space    used 6704K, committed 7232K, reserved 1048576K
}
Event: 57.981 GC heap after
{Heap after GC invocations=1172 (full 3):
 PSYoungGen      total 3072K, used 1014K [0x00000000d5580000, 0x00000000d5a80000, 0x0000000100000000)
  eden space 1536K, 0% used [0x00000000d5580000,0x00000000d5580000,0x00000000d5700000)
  from space 1536K, 66% used [0x00000000d5700000,0x00000000d57fd9b0,0x00000000d5880000)
  to   space 1536K, 0% used [0x00000000d5900000,0x00000000d5900000,0x00000000d5a80000)
 ParOldGen       total 262144K, used 136396K [0x0000000080000000, 0x0000000090000000, 0x00000000d5580000)
  object space 262144K, 52% used [0x0000000080000000,0x0000000088533098,0x0000000090000000)
 Metaspace       used 61593K, committed 62848K, reserved 1114112K
  class space    used 6704K, committed 7232K, reserved 1048576K
}
Event: 57.983 GC heap before
{Heap before GC invocations=1173 (full 3):
 PSYoungGen      total 3072K, used 2550K [0x00000000d5580000, 0x00000000d5a80000, 0x0000000100000000)
  eden space 1536K, 100% used [0x00000000d5580000,0x00000000d5700000,0x00000000d5700000)
  from space 1536K, 66% used [0x00000000d5700000,0x00000000d57fd9b0,0x00000000d5880000)
  to   space 1536K, 0% used [0x00000000d5900000,0x00000000d5900000,0x00000000d5a80000)
 ParOldGen       total 262144K, used 136396K [0x0000000080000000, 0x0000000090000000, 0x00000000d5580000)
  object space 262144K, 52% used [0x0000000080000000,0x0000000088533098,0x0000000090000000)
 Metaspace       used 61593K, committed 62848K, reserved 1114112K
  class space    used 6704K, committed 7232K, reserved 1048576K
}
Event: 57.985 GC heap after
{Heap after GC invocations=1173 (full 3):
 PSYoungGen      total 3072K, used 722K [0x00000000d5580000, 0x00000000d5a00000, 0x0000000100000000)
  eden space 2048K, 0% used [0x00000000d5580000,0x00000000d5580000,0x00000000d5780000)
  from space 1024K, 70% used [0x00000000d5900000,0x00000000d59b4968,0x00000000d5a00000)
  to   space 1024K, 0% used [0x00000000d5800000,0x00000000d5800000,0x00000000d5900000)
 ParOldGen       total 262144K, used 136685K [0x0000000080000000, 0x0000000090000000, 0x00000000d5580000)
  object space 262144K, 52% used [0x0000000080000000,0x000000008857b598,0x0000000090000000)
 Metaspace       used 61593K, committed 62848K, reserved 1114112K
  class space    used 6704K, committed 7232K, reserved 1048576K
}
Event: 58.013 GC heap before
{Heap before GC invocations=1174 (full 3):
 PSYoungGen      total 3072K, used 2746K [0x00000000d5580000, 0x00000000d5a00000, 0x0000000100000000)
  eden space 2048K, 98% used [0x00000000d5580000,0x00000000d577a288,0x00000000d5780000)
  from space 1024K, 70% used [0x00000000d5900000,0x00000000d59b4968,0x00000000d5a00000)
  to   space 1024K, 0% used [0x00000000d5800000,0x00000000d5800000,0x00000000d5900000)
 ParOldGen       total 262144K, used 136685K [0x0000000080000000, 0x0000000090000000, 0x00000000d5580000)
  object space 262144K, 52% used [0x0000000080000000,0x000000008857b598,0x0000000090000000)
 Metaspace       used 61593K, committed 62848K, reserved 1114112K
  class space    used 6704K, committed 7232K, reserved 1048576K
}
Event: 58.014 GC heap after
{Heap after GC invocations=1174 (full 3):
 PSYoungGen      total 2560K, used 463K [0x00000000d5580000, 0x00000000d5980000, 0x0000000100000000)
  eden space 2048K, 0% used [0x00000000d5580000,0x00000000d5580000,0x00000000d5780000)
  from space 512K, 90% used [0x00000000d5800000,0x00000000d5873fb0,0x00000000d5880000)
  to   space 1024K, 0% used [0x00000000d5880000,0x00000000d5880000,0x00000000d5980000)
 ParOldGen       total 262144K, used 136826K [0x0000000080000000, 0x0000000090000000, 0x00000000d5580000)
  object space 262144K, 52% used [0x0000000080000000,0x000000008859ebe8,0x0000000090000000)
 Metaspace       used 61593K, committed 62848K, reserved 1114112K
  class space    used 6704K, committed 7232K, reserved 1048576K
}
Event: 58.028 GC heap before
{Heap before GC invocations=1175 (full 3):
 PSYoungGen      total 2560K, used 2511K [0x00000000d5580000, 0x00000000d5980000, 0x0000000100000000)
  eden space 2048K, 100% used [0x00000000d5580000,0x00000000d5780000,0x00000000d5780000)
  from space 512K, 90% used [0x00000000d5800000,0x00000000d5873fb0,0x00000000d5880000)
  to   space 1024K, 0% used [0x00000000d5880000,0x00000000d5880000,0x00000000d5980000)
 ParOldGen       total 262144K, used 136826K [0x0000000080000000, 0x0000000090000000, 0x00000000d5580000)
  object space 262144K, 52% used [0x0000000080000000,0x000000008859ebe8,0x0000000090000000)
 Metaspace       used 61594K, committed 62848K, reserved 1114112K
  class space    used 6704K, committed 7232K, reserved 1048576K
}

